2025/08/02 00:02:44.167141 logger.go:137: [Info] ✨ Connecting to database...
2025/08/02 00:02:44.221680 logger.go:137: [Info] ✨ Connected to database successfully
2025/08/02 00:02:44.477412 logger.go:137: [Info] ✨ Migrations executed successfully
2025/08/02 00:02:44.484370 logger.go:137: [Info] ✨ Database migrations completed successfully
2025/08/02 00:02:44.484370 logger.go:137: [Info] ✨ ✅ 🚀 Server is running on http://localhost:3000
2025/08/02 00:02:44.484370 logger.go:137: [Info] ✨ ✅ 
	******************************************************************************************
2025/08/02 00:09:52.904445 logger.go:137: [Info] ✨ Connecting to database...
2025/08/02 00:09:52.952678 logger.go:137: [Info] ✨ Connected to database successfully
2025/08/02 00:09:53.198361 logger.go:137: [Info] ✨ Migrations executed successfully
2025/08/02 00:09:53.199093 logger.go:137: [Info] ✨ Database migrations completed successfully
2025/08/02 00:09:53.199093 logger.go:137: [Info] ✨ ✅ 🚀 Server is running on http://localhost:3000
2025/08/02 00:09:53.199093 logger.go:137: [Info] ✨ ✅ 
	******************************************************************************************
2025/08/02 00:10:03.981150 logger.go:151: [Error] ❌ [HTTP] POST /api/autn/login - 401 - 127.0.0.1 - PostmanRuntime/7.44.1 - 0s
2025/08/02 00:10:23.448697 logger.go:151: [Error] ❌ [HTTP] POST /api/autn/login - 401 - 127.0.0.1 - PostmanRuntime/7.44.1 - 0s
2025/08/02 00:10:39.471284 logger.go:151: [Error] ❌ [HTTP] POST /api/autn/login - 401 - 127.0.0.1 - PostmanRuntime/7.44.1 - 0s
2025/08/02 00:10:54.135839 logger.go:151: [Error] ❌ [HTTP] POST /api/auth/login - 401 - 127.0.0.1 - PostmanRuntime/7.44.1 - 4.8226ms
2025/08/02 00:13:09.186505 logger.go:137: [Info] ✨ [HTTP] POST /api/auth/register - 201 - 127.0.0.1 - PostmanRuntime/7.44.1 - 79.7063ms
2025/08/02 00:13:41.730999 logger.go:137: [Info] ✨ [HTTP] POST /api/auth/login - 200 - 127.0.0.1 - PostmanRuntime/7.44.1 - 72.111ms
2025/08/02 00:25:18.226559 logger.go:137: [Info] ✨ Connecting to database...
2025/08/02 00:25:18.267931 logger.go:149: [Error] ❌ Failed to connect to database: %v: failed to connect to `user=fiber-templete-db-user database=fiber-templete-db`: [::1]:6005 (localhost): failed SASL auth: FATAL: password authentication failed for user "fiber-templete-db-user" (SQLSTATE 28P01)
2025/08/02 00:25:18.267931 logger.go:149: [Error] ❌ ❌ Could not connect to database: %v: failed to connect to `user=fiber-templete-db-user database=fiber-templete-db`: [::1]:6005 (localhost): failed SASL auth: FATAL: password authentication failed for user "fiber-templete-db-user" (SQLSTATE 28P01)
2025/08/02 00:29:53.263964 logger.go:139: [Info] ✨ Connecting to database...
2025/08/02 00:29:53.302710 logger.go:151: [Error] ❌ Failed to connect to database: %v: failed to connect to `user=fiber-templete-db-user database=fiber-templete-db`: [::1]:6005 (localhost): failed SASL auth: FATAL: password authentication failed for user "fiber-templete-db-user" (SQLSTATE 28P01)
2025/08/02 00:29:53.303317 logger.go:151: [Error] ❌ ❌ Could not connect to database: %v: failed to connect to `user=fiber-templete-db-user database=fiber-templete-db`: [::1]:6005 (localhost): failed SASL auth: FATAL: password authentication failed for user "fiber-templete-db-user" (SQLSTATE 28P01)
2025/08/02 00:31:24.544777 logger.go:139: [Info] ✨ Connecting to database...
2025/08/02 00:31:24.579686 logger.go:151: [Error] ❌ Failed to connect to database: %v: failed to connect to `user=fiber-templete-db-user database=fiber-templete-db`:
	[::1]:6005 (localhost): failed to receive message: unexpected EOF
	127.0.0.1:6005 (localhost): failed to receive message: unexpected EOF
2025/08/02 00:31:24.580289 logger.go:151: [Error] ❌ ❌ Could not connect to database: %v: failed to connect to `user=fiber-templete-db-user database=fiber-templete-db`:
	[::1]:6005 (localhost): failed to receive message: unexpected EOF
	127.0.0.1:6005 (localhost): failed to receive message: unexpected EOF
2025/08/02 00:32:03.542826 logger.go:139: [Info] ✨ Connecting to database...
2025/08/02 00:32:03.579254 logger.go:151: [Error] ❌ Failed to connect to database: %v: failed to connect to `user=fiber-template-db-user database=fiber-template-db`: [::1]:6005 (localhost): failed SASL auth: FATAL: password authentication failed for user "fiber-template-db-user" (SQLSTATE 28P01)
2025/08/02 00:32:03.579762 logger.go:151: [Error] ❌ ❌ Could not connect to database: %v: failed to connect to `user=fiber-template-db-user database=fiber-template-db`: [::1]:6005 (localhost): failed SASL auth: FATAL: password authentication failed for user "fiber-template-db-user" (SQLSTATE 28P01)
2025/08/02 00:34:38.143666 logger.go:139: [Info] ✨ Connecting to database...
2025/08/02 00:34:38.203169 logger.go:151: [Error] ❌ Failed to connect to database: %v: failed to connect to `user=fiber-template-db-user database=fiber-template-db`: [::1]:6005 (localhost): failed SASL auth: FATAL: password authentication failed for user "fiber-template-db-user" (SQLSTATE 28P01)
2025/08/02 00:34:38.203698 logger.go:151: [Error] ❌ ❌ Could not connect to database: %v: failed to connect to `user=fiber-template-db-user database=fiber-template-db`: [::1]:6005 (localhost): failed SASL auth: FATAL: password authentication failed for user "fiber-template-db-user" (SQLSTATE 28P01)
2025/08/02 00:35:19.109119 logger.go:139: [Info] ✨ Connecting to database...
2025/08/02 00:35:19.770673 logger.go:139: [Info] ✨ Connected to database successfully
2025/08/02 00:35:21.548989 logger.go:139: [Info] ✨ Migrations executed successfully
2025/08/02 00:35:21.555044 logger.go:139: [Info] ✨ Database migrations completed successfully
2025/08/02 00:35:21.578146 logger.go:139: [Info] ✨ ✅ 🚀 Server is running on http://localhost:3000
2025/08/02 00:35:21.582372 logger.go:139: [Info] ✨ ✅ 
	******************************************************************************************
